"C:/Users/scbis/Desktop/Programming/Games Projects/Building_Escape/Building_Escape/Content/DefaultPawn1_BP.uasset" 0
"C:/Users/scbis/Desktop/Programming/Games Projects/Building_Escape/Building_Escape/Content/GameMode_BP.uasset" 1
"C:/Users/scbis/Desktop/Programming/Games Projects/Building_Escape/Building_Escape/Content/StarterContent/Materials/M_Basic_Wall.uasset" 2
"C:/Users/scbis/Desktop/Programming/Games Projects/Building_Escape/Building_Escape/Content/StarterContent/Architecture/Pillar_50x500.uasset" 3
"C:/Users/scbis/Desktop/Programming/Games Projects/Building_Escape/Building_Escape/Content/StarterContent/Architecture/Wall_500x500.uasset" 4
"C:/Users/scbis/Desktop/Programming/Games Projects/Building_Escape/Building_Escape/Content/StarterContent/Architecture/Wall_Door_400x400.uasset" 5
"C:/Users/scbis/Desktop/Programming/Games Projects/Building_Escape/Building_Escape/Content/StarterContent/Architecture/Wall_Window_400x400.uasset" 6
"C:/Users/scbis/Desktop/Programming/Games Projects/Building_Escape/Building_Escape/Content/StarterContent/Audio/Collapse01.uasset" 7
"C:/Users/scbis/Desktop/Programming/Games Projects/Building_Escape/Building_Escape/Content/StarterContent/Audio/Collapse02.uasset" 8
"C:/Users/scbis/Desktop/Programming/Games Projects/Building_Escape/Building_Escape/Content/StarterContent/Audio/Explosion01.uasset" 9
"C:/Users/scbis/Desktop/Programming/Games Projects/Building_Escape/Building_Escape/Content/StarterContent/Audio/Explosion02.uasset" 10
"C:/Users/scbis/Desktop/Programming/Games Projects/Building_Escape/Building_Escape/Content/StarterContent/Audio/Fire01.uasset" 11
"C:/Users/scbis/Desktop/Programming/Games Projects/Building_Escape/Building_Escape/Content/StarterContent/Audio/Fire_Sparks01.uasset" 12
"C:/Users/scbis/Desktop/Programming/Games Projects/Building_Escape/Building_Escape/Content/StarterContent/Audio/Light01.uasset" 13
"C:/Users/scbis/Desktop/Programming/Games Projects/Building_Escape/Building_Escape/Content/StarterContent/Audio/Light01_Cue.uasset" 14
"C:/Users/scbis/Desktop/Programming/Games Projects/Building_Escape/Building_Escape/Content/StarterContent/Audio/Light02.uasset" 15
"C:/Users/scbis/Desktop/Programming/Games Projects/Building_Escape/Building_Escape/Content/StarterContent/Audio/Light02_Cue.uasset" 16
"C:/Users/scbis/Desktop/Programming/Games Projects/Building_Escape/Building_Escape/Content/StarterContent/Audio/Smoke01.uasset" 17
"C:/Users/scbis/Desktop/Programming/Games Projects/Building_Escape/Building_Escape/Content/StarterContent/Audio/Starter_Birds01.uasset" 18
"C:/Users/scbis/Desktop/Programming/Games Projects/Building_Escape/Building_Escape/Content/StarterContent/Audio/Starter_Music01.uasset" 19
"C:/Users/scbis/Desktop/Programming/Games Projects/Building_Escape/Building_Escape/Content/StarterContent/Audio/Starter_Wind05.uasset" 20
"C:/Users/scbis/Desktop/Programming/Games Projects/Building_Escape/Building_Escape/Content/StarterContent/Audio/Starter_Wind06.uasset" 21
"C:/Users/scbis/Desktop/Programming/Games Projects/Building_Escape/Building_Escape/Content/StarterContent/Audio/Steam01.uasset" 22
"C:/Users/scbis/Desktop/Programming/Games Projects/Building_Escape/Building_Escape/Content/StarterContent/Audio/Explosion_Cue.uasset" 23
"C:/Users/scbis/Desktop/Programming/Games Projects/Building_Escape/Building_Escape/Content/StarterContent/Textures/T_Burst_M.uasset" 24
"C:/Users/scbis/Desktop/Programming/Games Projects/Building_Escape/Building_Escape/Content/StarterContent/Particles/Materials/M_Burst.uasset" 25
"C:/Users/scbis/Desktop/Programming/Games Projects/Building_Escape/Building_Escape/Content/StarterContent/Textures/T_Explosion_SubUV.uasset" 26
"C:/Users/scbis/Desktop/Programming/Games Projects/Building_Escape/Building_Escape/Content/StarterContent/Particles/Materials/M_explosion_subUV.uasset" 27
"C:/Users/scbis/Desktop/Programming/Games Projects/Building_Escape/Building_Escape/Content/StarterContent/Particles/Materials/m_flare_01.uasset" 28
"../../../Engine/Content/Functions/Engine_MaterialFunctions01/Gradient/RadialGradient.uasset" 29
"C:/Users/scbis/Desktop/Programming/Games Projects/Building_Escape/Building_Escape/Content/StarterContent/Particles/Materials/M_radial_ramp.uasset" 30
"C:/Users/scbis/Desktop/Programming/Games Projects/Building_Escape/Building_Escape/Content/StarterContent/Textures/T_Smoke_SubUV.uasset" 31
"C:/Users/scbis/Desktop/Programming/Games Projects/Building_Escape/Building_Escape/Content/StarterContent/Textures/T_Smoke_Tiled_D.uasset" 32
"C:/Users/scbis/Desktop/Programming/Games Projects/Building_Escape/Building_Escape/Content/StarterContent/Particles/Materials/M_smoke_subUV.uasset" 33
"C:/Users/scbis/Desktop/Programming/Games Projects/Building_Escape/Building_Escape/Content/StarterContent/Particles/P_Explosion.uasset" 34
"C:/Users/scbis/Desktop/Programming/Games Projects/Building_Escape/Building_Escape/Content/StarterContent/Blueprints/Blueprint_Effect_Explosion.uasset" 35
"../../../Engine/Content/EditorMeshes/ColorCalibrator/T_ColorGrid.uasset" 36
"C:/Users/scbis/Desktop/Programming/Games Projects/Building_Escape/Building_Escape/Content/StarterContent/Materials/M_ColorGrid_LowSpec.uasset" 37
"C:/Users/scbis/Desktop/Programming/Games Projects/Building_Escape/Building_Escape/Content/StarterContent/Textures/T_Bush_D.uasset" 38
"C:/Users/scbis/Desktop/Programming/Games Projects/Building_Escape/Building_Escape/Content/StarterContent/Textures/T_Bush_N.uasset" 39
"C:/Users/scbis/Desktop/Programming/Games Projects/Building_Escape/Building_Escape/Content/StarterContent/Props/Materials/M_Bush.uasset" 40
"C:/Users/scbis/Desktop/Programming/Games Projects/Building_Escape/Building_Escape/Content/StarterContent/Props/SM_Bush.uasset" 41
"C:/Users/scbis/Desktop/Programming/Games Projects/Building_Escape/Building_Escape/Content/StarterContent/Textures/T_Chair_M.uasset" 42
"C:/Users/scbis/Desktop/Programming/Games Projects/Building_Escape/Building_Escape/Content/StarterContent/Textures/T_Chair_N.uasset" 43
"C:/Users/scbis/Desktop/Programming/Games Projects/Building_Escape/Building_Escape/Content/StarterContent/Props/Materials/M_Chair.uasset" 44
"C:/Users/scbis/Desktop/Programming/Games Projects/Building_Escape/Building_Escape/Content/StarterContent/Props/SM_Couch.uasset" 45
"C:/Users/scbis/Desktop/Programming/Games Projects/Building_Escape/Building_Escape/Content/StarterContent/Props/Materials/M_MaterialSphere.uasset" 46
"C:/Users/scbis/Desktop/Programming/Games Projects/Building_Escape/Building_Escape/Content/StarterContent/Props/Materials/M_MaterialSphere_Plain.uasset" 47
"C:/Users/scbis/Desktop/Programming/Games Projects/Building_Escape/Building_Escape/Content/StarterContent/Props/SM_MatPreviewMesh_02.uasset" 48
"../../../Engine/Content/Functions/Engine_MaterialFunctions02/Utility/BlendAngleCorrectedNormals.uasset" 49
"C:/Users/scbis/Desktop/Programming/Games Projects/Building_Escape/Building_Escape/Content/StarterContent/Textures/T_Detail_Rocky_N.uasset" 50
"C:/Users/scbis/Desktop/Programming/Games Projects/Building_Escape/Building_Escape/Content/StarterContent/Textures/T_Rock_Basalt_D.uasset" 51
"C:/Users/scbis/Desktop/Programming/Games Projects/Building_Escape/Building_Escape/Content/StarterContent/Textures/T_RockMesh_M.uasset" 52
"C:/Users/scbis/Desktop/Programming/Games Projects/Building_Escape/Building_Escape/Content/StarterContent/Textures/T_RockMesh_N.uasset" 53
"C:/Users/scbis/Desktop/Programming/Games Projects/Building_Escape/Building_Escape/Content/StarterContent/Props/Materials/M_Rock.uasset" 54
"C:/Users/scbis/Desktop/Programming/Games Projects/Building_Escape/Building_Escape/Content/StarterContent/Props/SM_Rock.uasset" 55
"C:/Users/scbis/Desktop/Programming/Games Projects/Building_Escape/Building_Escape/Content/StarterContent/Textures/T_Shelf_M.uasset" 56
"C:/Users/scbis/Desktop/Programming/Games Projects/Building_Escape/Building_Escape/Content/StarterContent/Textures/T_Shelf_N.uasset" 57
"C:/Users/scbis/Desktop/Programming/Games Projects/Building_Escape/Building_Escape/Content/StarterContent/Props/Materials/M_Shelf.uasset" 58
"C:/Users/scbis/Desktop/Programming/Games Projects/Building_Escape/Building_Escape/Content/StarterContent/Props/SM_Shelf.uasset" 59
"C:/Users/scbis/Desktop/Programming/Games Projects/Building_Escape/Building_Escape/Content/StarterContent/Materials/M_Basic_Floor.uasset" 60
"C:/Users/scbis/Desktop/Programming/Games Projects/Building_Escape/Building_Escape/Content/StarterContent/Props/SM_Stairs.uasset" 61
"C:/Users/scbis/Desktop/Programming/Games Projects/Building_Escape/Building_Escape/Content/StarterContent/Shapes/Shape_Cone.uasset" 62
"C:/Users/scbis/Desktop/Programming/Games Projects/Building_Escape/Building_Escape/Content/StarterContent/Shapes/Shape_Cylinder.uasset" 63
"C:/Users/scbis/Desktop/Programming/Games Projects/Building_Escape/Building_Escape/Content/StarterContent/Shapes/Shape_NarrowCapsule.uasset" 64
"C:/Users/scbis/Desktop/Programming/Games Projects/Building_Escape/Building_Escape/Content/StarterContent/Shapes/Shape_Pipe.uasset" 65
"C:/Users/scbis/Desktop/Programming/Games Projects/Building_Escape/Building_Escape/Content/StarterContent/Shapes/Shape_Pipe_180.uasset" 66
"C:/Users/scbis/Desktop/Programming/Games Projects/Building_Escape/Building_Escape/Content/StarterContent/Shapes/Shape_Pipe_90.uasset" 67
"C:/Users/scbis/Desktop/Programming/Games Projects/Building_Escape/Building_Escape/Content/StarterContent/Shapes/Shape_Plane.uasset" 68
"C:/Users/scbis/Desktop/Programming/Games Projects/Building_Escape/Building_Escape/Content/StarterContent/Shapes/Shape_Torus.uasset" 69
"C:/Users/scbis/Desktop/Programming/Games Projects/Building_Escape/Building_Escape/Content/StarterContent/Shapes/Shape_Trim.uasset" 70
"C:/Users/scbis/Desktop/Programming/Games Projects/Building_Escape/Building_Escape/Content/StarterContent/Shapes/Shape_Trim_90_In.uasset" 71
"C:/Users/scbis/Desktop/Programming/Games Projects/Building_Escape/Building_Escape/Content/StarterContent/Shapes/Shape_Trim_90_Out.uasset" 72
"C:/Users/scbis/Desktop/Programming/Games Projects/Building_Escape/Building_Escape/Content/StarterContent/Shapes/Shape_TriPyramid.uasset" 73
"C:/Users/scbis/Desktop/Programming/Games Projects/Building_Escape/Building_Escape/Content/StarterContent/Shapes/Shape_Tube.uasset" 74
"C:/Users/scbis/Desktop/Programming/Games Projects/Building_Escape/Building_Escape/Content/StarterContent/Shapes/Shape_Wedge_A.uasset" 75
"C:/Users/scbis/Desktop/Programming/Games Projects/Building_Escape/Building_Escape/Content/StarterContent/Shapes/Shape_Wedge_B.uasset" 76
"C:/Users/scbis/Desktop/Programming/Games Projects/Building_Escape/Building_Escape/Content/StarterContent/Shapes/Shape_WideCapsule.uasset" 77
"../../../Engine/Content/Functions/Engine_MaterialFunctions01/Opacity/CameraDepthFade.uasset" 78
"../../../Engine/Content/EngineMaterials/T_Default_Material_Grid_M.uasset" 79
"../../../Engine/Content/EngineMaterials/T_Default_Material_Grid_N.uasset" 80
"../../../Engine/Content/EngineMaterials/DefaultMaterial.uasset" 81
"../../../Engine/Content/BasicShapes/Cone.uasset" 82
"../../../Engine/Content/EngineMaterials/WorldGridMaterial.uasset" 83
"../../../Engine/Content/BasicShapes/Cube.uasset" 84
"../../../Engine/Content/BasicShapes/Cylinder.uasset" 85
"../../../Engine/Content/BasicShapes/Plane.uasset" 86
"../../../Engine/Content/BasicShapes/Sphere.uasset" 87
"../../../Engine/Content/EditorLandscapeResources/DataLayer.uasset" 88
"../../../Engine/Content/EditorMaterials/GizmoMaterial.uasset" 89
"../../../Engine/Content/EditorMaterials/MAT_Groups_Toggle.uasset" 90
"../../../Engine/Content/EditorMaterials/MAT_Groups_Visibility.uasset" 91
"../../../Engine/Content/EditorMaterials/PreviewShadowIndicator.uasset" 92
"../../../Engine/Content/EditorMaterials/PreviewShadowIndicatorMaterial.uasset" 93
"../../../Engine/Content/EditorMaterials/MatineeGroups/MAT_ColorTrack.uasset" 94
"../../../Engine/Content/EditorMaterials/MatineeGroups/MAT_Groups_Anim.uasset" 95
"../../../Engine/Content/EditorMaterials/MatineeGroups/MAT_Groups_AudioMaster.uasset" 96
"../../../Engine/Content/EditorMaterials/MatineeGroups/MAT_Groups_Director.uasset" 97
"../../../Engine/Content/EditorMaterials/MatineeGroups/MAT_Groups_Event.uasset" 98
"../../../Engine/Content/EditorMaterials/MatineeGroups/MAT_Groups_Fade.uasset" 99
"../../../Engine/Content/EditorMaterials/MatineeGroups/MAT_Groups_Float.uasset" 100
"../../../Engine/Content/EditorMaterials/MatineeGroups/MAT_Groups_Move.uasset" 101
"../../../Engine/Content/EditorMaterials/MatineeGroups/MAT_Groups_Slomo.uasset" 102
"../../../Engine/Content/EditorMaterials/MatineeGroups/MAT_Groups_Sound.uasset" 103
"../../../Engine/Content/EditorMaterials/MatineeGroups/MAT_Groups_Vector.uasset" 104
"../../../Engine/Content/EditorMaterials/ParticleSystems/PSysThumbnail_NoImage.uasset" 105
"../../../Engine/Content/EditorMaterials/ParticleSystems/PSysThumbnail_OOD.uasset" 106
"../../../Engine/Content/EditorMaterials/Camera/CineMat.uasset" 107
"../../../Engine/Content/EditorMaterials/Camera/MI_CineMat_Rig.uasset" 108
"../../../Engine/Content/EditorMeshes/Camera/SM_CraneRig_Arm.uasset" 109
"../../../Engine/Content/EditorMeshes/Camera/SM_CraneRig_Base.uasset" 110
"../../../Engine/Content/EditorMeshes/Camera/SM_CraneRig_Body.uasset" 111
"../../../Engine/Content/EditorMeshes/Camera/SM_CraneRig_Mount.uasset" 112
"../../../Engine/Content/EditorMeshes/Camera/SM_RailRig_Mount.uasset" 113
"../../../Engine/Content/EditorMeshes/Camera/SM_RailRig_Track.uasset" 114
"../../../Engine/Content/EditorResources/BSPVertex.uasset" 115
"../../../Engine/Content/EditorResources/EmptyActor.uasset" 116
"../../../Engine/Content/EditorResources/S_Actor.uasset" 117
"../../../Engine/Content/EditorResources/S_Trigger.uasset" 118
"../../../Engine/Content/EditorResources/AudioIcons/S_AudioComponent.uasset" 119
"../../../Engine/Content/EditorResources/AudioIcons/S_AudioComponent_AutoActivate.uasset" 120
"../../../Engine/Content/EditorResources/LightIcons/S_LightError.uasset" 121
"../../../Engine/Content/EditorResources/SequenceRecorder/Countdown.uasset" 122
"../../../Engine/Content/EditorResources/SequenceRecorder/RecordingIndicator.uasset" 123
"../../../Engine/Content/EditorSounds/Notifications/CompileFailed.uasset" 124
"../../../Engine/Content/EditorSounds/Notifications/CompileFailed_Cue.uasset" 125
"../../../Engine/Content/EditorSounds/Notifications/CompileSuccess.uasset" 126
"../../../Engine/Content/EditorSounds/Notifications/CompileStart_Cue.uasset" 127
"../../../Engine/Content/EditorSounds/Notifications/CompileSuccess_Cue.uasset" 128
"../../../Engine/Content/EngineDamageTypes/DmgTypeBP_Environmental.uasset" 129
"../../../Engine/Content/EngineDebugMaterials/HeatmapGradient.uasset" 130
"../../../Engine/Content/EngineDebugMaterials/BoneWeightMaterial.uasset" 131
"../../../Engine/Content/EngineDebugMaterials/ClothMaterial.uasset" 132
"../../../Engine/Content/EngineDebugMaterials/ClothMaterial_WF.uasset" 133
"../../../Engine/Content/EngineDebugMaterials/DebugEditorMaterial.uasset" 134
"../../../Engine/Content/EngineDebugMaterials/DebugMeshMaterial.uasset" 135
"../../../Engine/Content/EngineDebugMaterials/GeomMaterial.uasset" 136
"../../../Engine/Content/EngineFonts/Faces/RobotoBold.uasset" 137
"../../../Engine/Content/EngineFonts/Faces/RobotoBoldItalic.uasset" 138
"../../../Engine/Content/EngineFonts/Faces/RobotoItalic.uasset" 139
"../../../Engine/Content/EngineFonts/Faces/RobotoLight.uasset" 140
"../../../Engine/Content/EngineFonts/Faces/RobotoRegular.uasset" 141
"../../../Engine/Content/EngineFonts/Roboto.uasset" 142
"../../../Engine/Content/EngineFonts/Faces/RobotoTiny.uasset" 143
"../../../Engine/Content/EngineFonts/RobotoTiny.uasset" 144
"../../../Engine/Content/EngineMaterials/DefaultBloomKernel.uasset" 145
"../../../Engine/Content/EngineMaterials/DefaultBokeh.uasset" 146
"../../../Engine/Content/EngineMaterials/DefaultDiffuse.uasset" 147
"../../../Engine/Content/EngineMaterials/DefaultDeferredDecalMaterial.uasset" 148
"../../../Engine/Content/EngineMaterials/DefaultLightFunctionMaterial.uasset" 149
"../../../Engine/Content/EngineMaterials/DefaultPhysicalMaterial.uasset" 150
"../../../Engine/Content/Functions/Engine_MaterialFunctions02/Utility/BreakOutFloat2Components.uasset" 151
"../../../Engine/Content/EngineMaterials/DefaultPostProcessMaterial.uasset" 152
"../../../Engine/Content/EngineFonts/RobotoDistanceField.uasset" 153
"../../../Engine/Content/EngineMaterials/DefaultTextMaterialOpaque.uasset" 154
"../../../Engine/Content/EngineMaterials/DefaultWhiteGrid.uasset" 155
"../../../Engine/Content/EngineMaterials/EditorBrushMaterial.uasset" 156
"../../../Engine/Content/EngineMaterials/Good64x64TilingNoiseHighFreq.uasset" 157
"../../../Engine/Content/EngineMaterials/MiniFont.uasset" 158
"../../../Engine/Content/EngineMaterials/InvalidLightmapSettings.uasset" 159
"../../../Engine/Content/EngineMaterials/M_InvalidLightmapSettings.uasset" 160
"../../../Engine/Content/Functions/Engine_MaterialFunctions02/WorldPositionOffset/CameraOffset.uasset" 161
"../../../Engine/Content/EngineMaterials/PhAT_JointLimitMaterial.uasset" 162
"../../../Engine/Content/EngineMaterials/PreintegratedSkinBRDF.uasset" 163
"../../../Engine/Content/EngineMaterials/RemoveSurfaceMaterial.uasset" 164
"../../../Engine/Content/EngineMaterials/WeightMapPlaceholderTexture.uasset" 165
"../../../Engine/Content/EngineResources/WhiteSquareTexture.uasset" 166
"../../../Engine/Content/EngineMaterials/Widget3DPassThrough.uasset" 167
"../../../Engine/Content/EngineMaterials/Widget3DPassThrough_Masked.uasset" 168
"../../../Engine/Content/EngineMaterials/Widget3DPassThrough_Opaque.uasset" 169
"../../../Engine/Content/EngineMaterials/Widget3DPassThrough_Masked_OneSided.uasset" 170
"../../../Engine/Content/EngineMaterials/Widget3DPassThrough_Opaque_OneSided.uasset" 171
"../../../Engine/Content/EngineMaterials/Widget3DPassThrough_Translucent.uasset" 172
"../../../Engine/Content/EngineMaterials/Widget3DPassThrough_Translucent_OneSided.uasset" 173
"../../../Engine/Content/EngineMeshes/Cube.uasset" 174
"../../../Engine/Content/EngineMeshes/Cylinder.uasset" 175
"../../../Engine/Content/EngineMeshes/Sphere.uasset" 176
"../../../Engine/Content/EngineResources/Black.uasset" 177
"../../../Engine/Content/EngineResources/DefaultTexture.uasset" 178
"../../../Engine/Content/EngineResources/DefaultTextureCube.uasset" 179
"../../../Engine/Content/EngineResources/GradientTexture0.uasset" 180
"../../../Engine/Content/EngineSounds/Master.uasset" 181
"../../../Engine/Content/Functions/Engine_MaterialFunctions01/Shading/ConvertFromDiffSpec.uasset" 182
"../../../Engine/Content/Functions/Engine_MaterialFunctions01/Shading/PowerToRoughness.uasset" 183
"../../../Engine/Content/Maps/Templates/Thumbnails/Default.uasset" 184
"../../../Engine/Content/Maps/Templates/Thumbnails/VR-Basic.uasset" 185
"../../../Engine/Content/MobileResources/T_MobileControls_texture.uasset" 186
"../../../Engine/Content/MobileResources/T_MobileMenu2.uasset" 187
"../../../Engine/Content/MobileResources/HUD/AnalogHat.uasset" 188
"../../../Engine/Content/MobileResources/HUD/VirtualJoystick_Background.uasset" 189
"../../../Engine/Content/MobileResources/HUD/VirtualJoystick_Thumb.uasset" 190
"../../../Engine/Content/MobileResources/HUD/DefaultVirtualJoysticks.uasset" 191
"../../../Engine/Content/MobileResources/HUD/LeftVirtualJoystickOnly.uasset" 192
"../../../Engine/Content/MobileResources/HUD/MobileHUDButton1_off.uasset" 193
"../../../Engine/Content/MobileResources/HUD/MobileHUDButton1_on.uasset" 194
"../../../Engine/Content/MobileResources/HUD/MobileHUDButton2_off.uasset" 195
"../../../Engine/Content/MobileResources/HUD/MobileHUDButton2_on.uasset" 196
"../../../Engine/Content/MobileResources/HUD/MobileHUDButton3.uasset" 197
"../../../Engine/Content/MobileResources/HUD/MobileHUDButtonFire.uasset" 198
"../../../Engine/Content/MobileResources/HUD/MobileHUDDirectionPad.uasset" 199
"../../../Engine/Content/MobileResources/HUD/MobileHUDDirectionPad2.uasset" 200
"../../../Engine/Content/MobileResources/HUD/MobileHUDDirectionPad3.uasset" 201
"../../../Engine/Content/MobileResources/HUD/MobileHUDDirectionStick.uasset" 202
"../../../Engine/Content/MobileResources/HUD/T_Castle_ThumbstickInner.uasset" 203
"../../../Engine/Content/MobileResources/HUD/T_Castle_ThumbstickOutter.uasset" 204
"../../../Engine/Content/Tutorial/ContentIntroCurve.uasset" 205
"../../../Engine/Content/Tutorial/Basics/TutorialAssets/icon_tab_Levels_40x.uasset" 206
"../../../Engine/Content/Tutorial/BlueprintTutorials/TutorialAssets/BlueprintInterface_64x.uasset" 207
"../../../Engine/Content/Tutorial/BlueprintTutorials/TutorialAssets/BlueprintMacroLibrary_64x.uasset" 208
"../../../Engine/Content/Tutorial/BlueprintTutorials/TutorialAssets/Blueprint_64x.uasset" 209
"../../../Engine/Content/Tutorial/BlueprintTutorials/TutorialAssets/Tutorial_BP_Interface.uasset" 210
"../../../Engine/Content/Tutorial/Foliage/TutorialAssets/Foliage.uasset" 211
"../../../Engine/Content/Tutorial/Landscape/TutorialAssets/Landscape.uasset" 212
"../../../Engine/Content/Tutorial/Paper2D/TutorialAssets/Paper2DFlipbook_TutorialIcon.uasset" 213
"../../../Engine/Content/Tutorial/Paper2D/TutorialAssets/Paper2DSprite_TutorialIcon.uasset" 214
"../../../Engine/Content/Tutorial/SubEditors/TutorialAssets/icon_Editor_Preferences_General_40x.uasset" 215
"../../../Engine/Content/Tutorial/SubEditors/TutorialAssets/icon_ShowSkeletalMeshes_40x.uasset" 216
"../../../Engine/Content/Tutorial/SubEditors/TutorialAssets/TutorialMaterial.uasset" 217
"../../../Engine/Content/Tutorial/SubEditors/TutorialAssets/T_SmokeSubUV_8X8.uasset" 218
"../../../Engine/Content/Tutorial/SubEditors/TutorialAssets/T_soft_smoke.uasset" 219
"../../../Engine/Content/Tutorial/SubEditors/TutorialAssets/M_smoke_subUV_blackbody.uasset" 220
"../../../Engine/Content/Tutorial/SubEditors/TutorialAssets/TutorialParticleSystem.uasset" 221
"../../../Engine/Content/VREditor/Devices/Generic/GenericHMDMaterial.uasset" 222
"../../../Engine/Content/VREditor/Devices/Generic/GenericHMD.uasset" 223
"../../../Engine/Content/Functions/Engine_MaterialFunctions02/Utility/BreakOutFloat3Components.uasset" 224
"../../../Engine/Content/VREditor/Devices/Vive/VivePreController_MasksB.uasset" 225
"../../../Engine/Content/VREditor/Devices/Oculus/OculusControllerMaterial.uasset" 226
"../../../Engine/Content/VREditor/Devices/Oculus/OculusControllerMaterial_Inst.uasset" 227
"../../../Engine/Content/VREditor/Devices/Oculus/OculusControllerMesh.uasset" 228
"../../../Engine/Content/VREditor/Devices/Vive/T_VivePreController_EM.uasset" 229
"../../../Engine/Content/VREditor/Devices/Vive/VivePreController_MasksA.uasset" 230
"../../../Engine/Content/VREditor/Devices/Vive/VivePreControllerDiffuse.uasset" 231
"../../../Engine/Content/VREditor/Devices/Vive/VivePreControllerSpec.uasset" 232
"../../../Engine/Content/VREditor/LaserPointer/VR_LaserPower_01.uasset" 233
"../../../Engine/Content/VREditor/Devices/Vive/VivePreControllerMaterial.uasset" 234
"../../../Engine/Content/VREditor/Devices/Vive/VivePreControllerMaterial_Inst.uasset" 235
"../../../Engine/Content/VREditor/Devices/Vive/VivePreControllerMesh.uasset" 236
"../../../Engine/Content/VREditor/FloatingText/LineMaterial.uasset" 237
"../../../Engine/Content/VREditor/FloatingText/JointSphere.uasset" 238
"../../../Engine/Content/VREditor/FloatingText/LineSegmentCylinder.uasset" 239
"../../../Engine/Content/VREditor/Fonts/VRText_RobotoLarge.uasset" 240
"../../../Engine/Content/VREditor/Fonts/VRTextMaterial.uasset" 241
"../../../Engine/Content/VREditor/Fonts/TranslucentVRTextMaterial.uasset" 242
"../../../Engine/Content/VREditor/LaserPointer/CursorPointer.uasset" 243
"../../../Engine/Content/VREditor/TransformGizmo/TransformGizmoMaterial.uasset" 244
"../../../Engine/Content/VREditor/LaserPointer/HoverMaterial.uasset" 245
"../../../Engine/Content/VREditor/TransformGizmo/TranslucentTransformGizmoMaterial.uasset" 246
"../../../Engine/Content/VREditor/LaserPointer/TranslucentHoverMaterial.uasset" 247
"../../../Engine/Content/VREditor/LaserPointer/HoverMesh.uasset" 248
"../../../Engine/Content/VREditor/LaserPointer/LaserPointerMaterial.uasset" 249
"../../../Engine/Content/VREditor/LaserPointer/LaserPointerMaterialInst.uasset" 250
"../../../Engine/Content/VREditor/LaserPointer/TranslucentLaserPointerMaterialInst.uasset" 251
"../../../Engine/Content/VREditor/LaserPointer/LaserPointerMesh.uasset" 252
"../../../Engine/Content/VREditor/LaserPointer/LaserPointerMesh_End.uasset" 253
"../../../Engine/Content/VREditor/LaserPointer/LaserPointerMesh_Start.uasset" 254
"../../../Engine/Content/VREditor/Sounds/VR_teleport.uasset" 255
"../../../Engine/Content/VREditor/Sounds/UI/Click_on_Button.uasset" 256
"../../../Engine/Content/VREditor/Sounds/UI/Click_on_Button_Cue.uasset" 257
"../../../Engine/Content/VREditor/Sounds/UI/Dockable_Window_Close.uasset" 258
"../../../Engine/Content/VREditor/Sounds/UI/Dockable_Window_Drop.uasset" 259
"../../../Engine/Content/VREditor/Sounds/UI/Dockable_Window_Open.uasset" 260
"../../../Engine/Content/VREditor/Sounds/UI/Dockable_Window_Pick_Up.uasset" 261
"../../../Engine/Content/VREditor/Sounds/UI/Drop_Item_From_ContentBrowser.uasset" 262
"../../../Engine/Content/VREditor/Sounds/UI/Floating_UI_Open-001.uasset" 263
"../../../Engine/Content/VREditor/Sounds/UI/Radial_Menu_FadeOut.uasset" 264
"../../../Engine/Content/VREditor/Sounds/UI/Teleport_Mode_Entered.uasset" 265
"../../../Engine/Content/VREditor/Teleport/TeleportDirectionMaterial.uasset" 266
"../../../Engine/Content/VREditor/Teleport/TeleportDirectionMaterial_Inst.uasset" 267
"../../../Engine/Content/VREditor/Teleport/TeleportDirectionMesh.uasset" 268
"../../../Engine/Content/VREditor/TransformGizmo/BoundingBoxCorner.uasset" 269
"../../../Engine/Content/VREditor/TransformGizmo/BoundingBoxEdge.uasset" 270
"../../../Engine/Content/VREditor/TransformGizmo/PlaneTranslationHandle.uasset" 271
"../../../Engine/Content/VREditor/TransformGizmo/Main.uasset" 272
"../../../Engine/Content/VREditor/TransformGizmo/Xray.uasset" 273
"../../../Engine/Content/VREditor/TransformGizmo/SM_Dialog_Close.uasset" 274
"../../../Engine/Content/VREditor/TransformGizmo/SM_Dialog_Move.uasset" 275
"../../../Engine/Content/VREditor/TransformGizmo/SM_Sequencer_Key.uasset" 276
"../../../Engine/Content/VREditor/TransformGizmo/SM_Sequencer_Node.uasset" 277
"../../../Engine/Content/VREditor/TransformGizmo/TransformGizmoMaterial_Inst.uasset" 278
"../../../Engine/Content/VREditor/TransformGizmo/TranslucentTransformGizmoMaterial_Inst.uasset" 279
"../../../Engine/Content/VREditor/Devices/Vive/UE4_Logo.uasset" 280
"../../../Engine/Content/VREditor/UI/M_ContentWindow.uasset" 281
"../../../Engine/Content/VREditor/UI/SM_ContentWindow_01.uasset" 282
"../../../Engine/Content/VREditor/UI/KeyDiskMaterial.uasset" 283
"../../../Engine/Content/VREditor/UI/DiscMaterial.uasset" 284
"../../../Engine/Content/VREditor/UI/SM_Radial_Disk.uasset" 285
"../../../Engine/Content/VREditor/UI/ArrowMaterial.uasset" 286
"../../../Engine/Content/VREditor/UI/SM_Radial_Pointer.uasset" 287
"../../../Engine/Content/VREditor/WorldMovementGrid/SimpleGrid.uasset" 288
"../../../Engine/Content/VREditor/WorldMovementGrid/GridMaterial.uasset" 289
"../../../Engine/Content/Functions/Engine_MaterialFunctions01/Density/ExponentialDensity.uasset" 290
"../../../Engine/Content/VREditor/WorldMovementGrid/GridPostProcess.uasset" 291
"../../../Engine/Content/EditorLandscapeResources/FlattenHeightMat.uasset" 292
"../../../Engine/Content/VREditor/WorldMovementGrid/PlaneMesh.uasset" 293
"../../Plugins/2D/Paper2D/Content/PlaceholderTextures/DummySpriteTexture.uasset" 294
"../../Plugins/2D/Paper2D/Content/DummySprite.uasset" 295
"../../Plugins/2D/Paper2D/Content/DefaultPaperTerrainMaterial.uasset" 296
"../../Plugins/2D/Paper2D/Content/DefaultSpriteMaterial.uasset" 297
"../../Plugins/2D/Paper2D/Content/MaskedUnlitSpriteMaterial.uasset" 298
"../../Plugins/2D/Paper2D/Content/OpaqueUnlitSpriteMaterial.uasset" 299
"../../Plugins/Media/MediaCompositing/Content/DefaultMediaPlaneTexture.uasset" 300
"../../Plugins/Media/MediaCompositing/Content/DefaultMediaPlaneMaterial.uasset" 301
"../../../Engine/Content/Functions/Engine_MaterialFunctions02/Utility/MakeFloat4.uasset" 302
"../../Plugins/Runtime/AppleARKit/Content/ARKitCameraMaterial.uasset" 303
"../../Plugins/Runtime/Oculus/OculusVR/Content/Textures/GearVRController_AO.uasset" 304
"../../Plugins/Runtime/Oculus/OculusVR/Content/Textures/GearVRController_Color.uasset" 305
"../../Plugins/Runtime/Oculus/OculusVR/Content/Textures/GearVRController_Normal.uasset" 306
"../../Plugins/Runtime/Oculus/OculusVR/Content/Materials/GearVRControllerMaterial.uasset" 307
"../../Plugins/Runtime/Oculus/OculusVR/Content/Meshes/GearVrController.uasset" 308
"../../../Engine/Content/EditorBlueprintResources/StandardMacros.uasset" 309
"../../../Engine/Content/EngineSky/C_Sky_Cloud_Color.uasset" 310
"../../../Engine/Content/EngineSky/C_Sky_Horizon_Color.uasset" 311
"../../../Engine/Content/EngineSky/C_Sky_Zenith_Color.uasset" 312
"../../../Engine/Content/EngineSky/T_Sky_Blue.uasset" 313
"../../../Engine/Content/EngineSky/T_Sky_Clouds_M.uasset" 314
"../../../Engine/Content/EngineSky/T_Sky_Stars.uasset" 315
"../../../Engine/Content/EngineSky/M_Sky_Panning_Clouds2.uasset" 316
"../../../Engine/Content/EngineSky/SM_SkySphere.uasset" 317
"../../../Engine/Content/EngineSky/BP_Sky_Sphere.uasset" 318
"C:/Users/scbis/Desktop/Programming/Games Projects/Building_Escape/Building_Escape/Content/Audio/door-lock.uasset" 319
"C:/Users/scbis/Desktop/Programming/Games Projects/Building_Escape/Building_Escape/Content/StarterContent/Materials/M_Glass.uasset" 320
"C:/Users/scbis/Desktop/Programming/Games Projects/Building_Escape/Building_Escape/Content/StarterContent/Textures/T_Door_M.uasset" 321
"C:/Users/scbis/Desktop/Programming/Games Projects/Building_Escape/Building_Escape/Content/StarterContent/Textures/T_Door_N.uasset" 322
"C:/Users/scbis/Desktop/Programming/Games Projects/Building_Escape/Building_Escape/Content/StarterContent/Props/Materials/M_Door.uasset" 323
"C:/Users/scbis/Desktop/Programming/Games Projects/Building_Escape/Building_Escape/Content/StarterContent/Props/SM_Door.uasset" 324
"C:/Users/scbis/Desktop/Programming/Games Projects/Building_Escape/Building_Escape/Content/Openable_Door.uasset" 325
"C:/Users/scbis/Desktop/Programming/Games Projects/Building_Escape/Building_Escape/Content/NewMap_BuiltData.uasset" 326
"C:/Users/scbis/Desktop/Programming/Games Projects/Building_Escape/Building_Escape/Content/StarterContent/Textures/T_Brick_Clay_New_D.uasset" 327
"C:/Users/scbis/Desktop/Programming/Games Projects/Building_Escape/Building_Escape/Content/StarterContent/Textures/T_Brick_Clay_New_M.uasset" 328
"C:/Users/scbis/Desktop/Programming/Games Projects/Building_Escape/Building_Escape/Content/StarterContent/Textures/T_Brick_Clay_New_N.uasset" 329
"C:/Users/scbis/Desktop/Programming/Games Projects/Building_Escape/Building_Escape/Content/StarterContent/Textures/T_MacroVariation.uasset" 330
"C:/Users/scbis/Desktop/Programming/Games Projects/Building_Escape/Building_Escape/Content/StarterContent/Materials/M_Brick_Clay_New.uasset" 331
"C:/Users/scbis/Desktop/Programming/Games Projects/Building_Escape/Building_Escape/Content/StarterContent/Textures/T_Metal_Rust_D.uasset" 332
"C:/Users/scbis/Desktop/Programming/Games Projects/Building_Escape/Building_Escape/Content/StarterContent/Textures/T_Metal_Rust_N.uasset" 333
"C:/Users/scbis/Desktop/Programming/Games Projects/Building_Escape/Building_Escape/Content/StarterContent/Materials/M_Metal_Rust.uasset" 334
"../../../Engine/Content/Functions/Engine_MaterialFunctions01/Opacity/AlphaOffset.uasset" 335
"C:/Users/scbis/Desktop/Programming/Games Projects/Building_Escape/Building_Escape/Content/StarterContent/Textures/T_Wood_Floor_Walnut_D.uasset" 336
"C:/Users/scbis/Desktop/Programming/Games Projects/Building_Escape/Building_Escape/Content/StarterContent/Textures/T_Wood_Floor_Walnut_M.uasset" 337
"C:/Users/scbis/Desktop/Programming/Games Projects/Building_Escape/Building_Escape/Content/StarterContent/Textures/T_Wood_Floor_Walnut_N.uasset" 338
"C:/Users/scbis/Desktop/Programming/Games Projects/Building_Escape/Building_Escape/Content/StarterContent/Materials/M_Wood_Floor_Walnut_Worn.uasset" 339
"../../../Engine/Content/MapTemplates/SM_Template_Map_Floor.uasset" 340
"C:/Users/scbis/Desktop/Programming/Games Projects/Building_Escape/Building_Escape/Content/StarterContent/Architecture/Floor_400x400.uasset" 341
"C:/Users/scbis/Desktop/Programming/Games Projects/Building_Escape/Building_Escape/Content/StarterContent/Architecture/Wall_400x300.uasset" 342
"C:/Users/scbis/Desktop/Programming/Games Projects/Building_Escape/Building_Escape/Content/StarterContent/Architecture/Wall_400x400.uasset" 343
"C:/Users/scbis/Desktop/Programming/Games Projects/Building_Escape/Building_Escape/Content/StarterContent/Architecture/Wall_Door_400x300.uasset" 344
"C:/Users/scbis/Desktop/Programming/Games Projects/Building_Escape/Building_Escape/Content/StarterContent/Props/SM_Chair.uasset" 345
"C:/Users/scbis/Desktop/Programming/Games Projects/Building_Escape/Building_Escape/Content/StarterContent/Textures/T_Frame_M.uasset" 346
"C:/Users/scbis/Desktop/Programming/Games Projects/Building_Escape/Building_Escape/Content/StarterContent/Textures/T_Frame_N.uasset" 347
"C:/Users/scbis/Desktop/Programming/Games Projects/Building_Escape/Building_Escape/Content/StarterContent/Props/Materials/M_Frame.uasset" 348
"C:/Users/scbis/Desktop/Programming/Games Projects/Building_Escape/Building_Escape/Content/StarterContent/Props/SM_DoorFrame.uasset" 349
"C:/Users/scbis/Desktop/Programming/Games Projects/Building_Escape/Building_Escape/Content/StarterContent/Textures/T_Lamp_M.uasset" 350
"C:/Users/scbis/Desktop/Programming/Games Projects/Building_Escape/Building_Escape/Content/StarterContent/Textures/T_Lamp_N.uasset" 351
"C:/Users/scbis/Desktop/Programming/Games Projects/Building_Escape/Building_Escape/Content/StarterContent/Props/Materials/M_Lamp.uasset" 352
"C:/Users/scbis/Desktop/Programming/Games Projects/Building_Escape/Building_Escape/Content/StarterContent/Props/SM_Lamp_Wall.uasset" 353
"C:/Users/scbis/Desktop/Programming/Games Projects/Building_Escape/Building_Escape/Content/StarterContent/Textures/T_TableRound_M.uasset" 354
"C:/Users/scbis/Desktop/Programming/Games Projects/Building_Escape/Building_Escape/Content/StarterContent/Textures/T_TableRound_N.uasset" 355
"C:/Users/scbis/Desktop/Programming/Games Projects/Building_Escape/Building_Escape/Content/StarterContent/Props/Materials/M_TableRound.uasset" 356
"C:/Users/scbis/Desktop/Programming/Games Projects/Building_Escape/Building_Escape/Content/StarterContent/Props/SM_TableRound.uasset" 357
"C:/Users/scbis/Desktop/Programming/Games Projects/Building_Escape/Building_Escape/Content/NewMap.umap" 358
"C:/Users/scbis/Desktop/Programming/Games Projects/Building_Escape/Building_Escape/Content/StarterContent/Blueprints/Assets/FogBrightnessLUT.uasset" 359
"C:/Users/scbis/Desktop/Programming/Games Projects/Building_Escape/Building_Escape/Content/StarterContent/Blueprints/Assets/SunlightColorLUT.uasset" 360
"C:/Users/scbis/Desktop/Programming/Games Projects/Building_Escape/Building_Escape/Content/StarterContent/Blueprints/Assets/M_LightStage_Arrows.uasset" 361
"../../../Engine/Content/MapTemplates/Sky/DaylightAmbientCubemap.uasset" 362
"C:/Users/scbis/Desktop/Programming/Games Projects/Building_Escape/Building_Escape/Content/StarterContent/Blueprints/Assets/M_LightStage_Skybox_Master.uasset" 363
"C:/Users/scbis/Desktop/Programming/Games Projects/Building_Escape/Building_Escape/Content/StarterContent/Blueprints/Assets/M_LightStage_Skybox_Black.uasset" 364
"C:/Users/scbis/Desktop/Programming/Games Projects/Building_Escape/Building_Escape/Content/StarterContent/Blueprints/Assets/M_LightStage_Skybox_HDRI.uasset" 365
"../../../Engine/Content/EditorMaterials/Thumbnails/SkySphereMaterial.uasset" 366
"C:/Users/scbis/Desktop/Programming/Games Projects/Building_Escape/Building_Escape/Content/StarterContent/Blueprints/Assets/Skybox.uasset" 367
"C:/Users/scbis/Desktop/Programming/Games Projects/Building_Escape/Building_Escape/Content/StarterContent/Blueprints/Assets/SM_Arrows.uasset" 368
"C:/Users/scbis/Desktop/Programming/Games Projects/Building_Escape/Building_Escape/Content/StarterContent/HDRI/HDRI_Epic_Courtyard_Daylight.uasset" 369
"C:/Users/scbis/Desktop/Programming/Games Projects/Building_Escape/Building_Escape/Content/StarterContent/Blueprints/BP_LightStudio.uasset" 370
"C:/Users/scbis/Desktop/Programming/Games Projects/Building_Escape/Building_Escape/Content/StarterContent/Maps/Advanced_Lighting_BuiltData.uasset" 371
"C:/Users/scbis/Desktop/Programming/Games Projects/Building_Escape/Building_Escape/Content/StarterContent/Materials/M_AssetPlatform.uasset" 372
"../../../Engine/Content/EditorMeshes/ColorCalibrator/M_ChromeBall.uasset" 373
"../../../Engine/Content/EditorMeshes/ColorCalibrator/M_ClearCoat.uasset" 374
"../../../Engine/Content/EditorMeshes/ColorCalibrator/M_ClearCoatBlack.uasset" 375
"../../../Engine/Content/EditorMeshes/ColorCalibrator/Color_checker.uasset" 376
"../../../Engine/Content/EditorMeshes/ColorCalibrator/M_ColorGrid.uasset" 377
"../../../Engine/Content/EditorMeshes/ColorCalibrator/M_GreyBall.uasset" 378
"../../../Engine/Content/EditorMeshes/ColorCalibrator/SM_ColorCalibrator.uasset" 379
"C:/Users/scbis/Desktop/Programming/Games Projects/Building_Escape/Building_Escape/Content/StarterContent/Architecture/SM_AssetPlatform.uasset" 380
"C:/Users/scbis/Desktop/Programming/Games Projects/Building_Escape/Building_Escape/Content/StarterContent/Maps/Advanced_Lighting.umap" 381
"C:/Users/scbis/Desktop/Programming/Games Projects/Building_Escape/Building_Escape/Content/StarterContent/Maps/Minimal_Default_BuiltData.uasset" 382
"C:/Users/scbis/Desktop/Programming/Games Projects/Building_Escape/Building_Escape/Content/StarterContent/Materials/M_Metal_Brushed_Nickel.uasset" 383
"C:/Users/scbis/Desktop/Programming/Games Projects/Building_Escape/Building_Escape/Content/StarterContent/Textures/T_Metal_Aluminum_D.uasset" 384
"C:/Users/scbis/Desktop/Programming/Games Projects/Building_Escape/Building_Escape/Content/StarterContent/Textures/T_Metal_Gold_N.uasset" 385
"C:/Users/scbis/Desktop/Programming/Games Projects/Building_Escape/Building_Escape/Content/StarterContent/Materials/M_Metal_Burnished_Steel.uasset" 386
"C:/Users/scbis/Desktop/Programming/Games Projects/Building_Escape/Building_Escape/Content/StarterContent/Textures/T_Metal_Copper_D.uasset" 387
"C:/Users/scbis/Desktop/Programming/Games Projects/Building_Escape/Building_Escape/Content/StarterContent/Materials/M_Metal_Copper.uasset" 388
"C:/Users/scbis/Desktop/Programming/Games Projects/Building_Escape/Building_Escape/Content/StarterContent/Textures/T_Statue_M.uasset" 389
"C:/Users/scbis/Desktop/Programming/Games Projects/Building_Escape/Building_Escape/Content/StarterContent/Textures/T_Statue_N.uasset" 390
"C:/Users/scbis/Desktop/Programming/Games Projects/Building_Escape/Building_Escape/Content/StarterContent/Props/Materials/M_StatueGlass.uasset" 391
"C:/Users/scbis/Desktop/Programming/Games Projects/Building_Escape/Building_Escape/Content/StarterContent/Audio/Starter_Background_Cue.uasset" 392
"C:/Users/scbis/Desktop/Programming/Games Projects/Building_Escape/Building_Escape/Content/StarterContent/Props/Materials/M_Statue.uasset" 393
"C:/Users/scbis/Desktop/Programming/Games Projects/Building_Escape/Building_Escape/Content/StarterContent/Props/SM_Statue.uasset" 394
"C:/Users/scbis/Desktop/Programming/Games Projects/Building_Escape/Building_Escape/Content/StarterContent/Maps/Minimal_Default.umap" 395
"C:/Users/scbis/Desktop/Programming/Games Projects/Building_Escape/Building_Escape/Content/StarterContent/Audio/Fire01_Cue.uasset" 396
"C:/Users/scbis/Desktop/Programming/Games Projects/Building_Escape/Building_Escape/Content/StarterContent/Textures/T_Fire_SubUV.uasset" 397
"C:/Users/scbis/Desktop/Programming/Games Projects/Building_Escape/Building_Escape/Content/StarterContent/Textures/T_Fire_Tiled_D.uasset" 398
"C:/Users/scbis/Desktop/Programming/Games Projects/Building_Escape/Building_Escape/Content/StarterContent/Particles/Materials/M_Fire_SubUV.uasset" 399
"C:/Users/scbis/Desktop/Programming/Games Projects/Building_Escape/Building_Escape/Content/StarterContent/Textures/T_Water_N.uasset" 400
"C:/Users/scbis/Desktop/Programming/Games Projects/Building_Escape/Building_Escape/Content/StarterContent/Particles/Materials/M_Heat_Distortion.uasset" 401
"C:/Users/scbis/Desktop/Programming/Games Projects/Building_Escape/Building_Escape/Content/StarterContent/Particles/Materials/M_Radial_Gradient.uasset" 402
"C:/Users/scbis/Desktop/Programming/Games Projects/Building_Escape/Building_Escape/Content/StarterContent/Particles/P_Fire.uasset" 403
"C:/Users/scbis/Desktop/Programming/Games Projects/Building_Escape/Building_Escape/Content/StarterContent/Blueprints/Blueprint_Effect_Fire.uasset" 404
"C:/Users/scbis/Desktop/Programming/Games Projects/Building_Escape/Building_Escape/Content/StarterContent/Audio/Smoke01_Cue.uasset" 405
"C:/Users/scbis/Desktop/Programming/Games Projects/Building_Escape/Building_Escape/Content/StarterContent/Particles/P_Smoke.uasset" 406
"C:/Users/scbis/Desktop/Programming/Games Projects/Building_Escape/Building_Escape/Content/StarterContent/Blueprints/Blueprint_Effect_Smoke.uasset" 407
"C:/Users/scbis/Desktop/Programming/Games Projects/Building_Escape/Building_Escape/Content/StarterContent/Audio/Fire_Sparks01_Cue.uasset" 408
"C:/Users/scbis/Desktop/Programming/Games Projects/Building_Escape/Building_Escape/Content/StarterContent/Textures/T_Spark_Core.uasset" 409
"C:/Users/scbis/Desktop/Programming/Games Projects/Building_Escape/Building_Escape/Content/StarterContent/Particles/Materials/M_Spark.uasset" 410
"C:/Users/scbis/Desktop/Programming/Games Projects/Building_Escape/Building_Escape/Content/StarterContent/Particles/P_Sparks.uasset" 411
"C:/Users/scbis/Desktop/Programming/Games Projects/Building_Escape/Building_Escape/Content/StarterContent/Blueprints/Blueprint_Effect_Sparks.uasset" 412
"C:/Users/scbis/Desktop/Programming/Games Projects/Building_Escape/Building_Escape/Content/StarterContent/Audio/Steam01_Cue.uasset" 413
"C:/Users/scbis/Desktop/Programming/Games Projects/Building_Escape/Building_Escape/Content/StarterContent/Particles/P_Steam_Lit.uasset" 414
"C:/Users/scbis/Desktop/Programming/Games Projects/Building_Escape/Building_Escape/Content/StarterContent/Blueprints/Blueprint_Effect_Steam.uasset" 415
"C:/Users/scbis/Desktop/Programming/Games Projects/Building_Escape/Building_Escape/Content/StarterContent/Props/SM_Lamp_Ceiling.uasset" 416
"C:/Users/scbis/Desktop/Programming/Games Projects/Building_Escape/Building_Escape/Content/StarterContent/Blueprints/Blueprint_CeilingLight.uasset" 417
"C:/Users/scbis/Desktop/Programming/Games Projects/Building_Escape/Building_Escape/Content/StarterContent/Blueprints/Blueprint_WallSconce.uasset" 418
"C:/Users/scbis/Desktop/Programming/Games Projects/Building_Escape/Building_Escape/Content/StarterContent/Maps/StarterMap_BuiltData.uasset" 419
"../../../Engine/Content/Functions/Engine_MaterialFunctions03/Procedurals/ComputeFilterWidth.uasset" 420
"../../../Engine/Content/EngineMaterials/AntiAliasedTextMaterialTranslucent.uasset" 421
"C:/Users/scbis/Desktop/Programming/Games Projects/Building_Escape/Building_Escape/Content/StarterContent/Textures/T_Brick_Clay_Beveled_D.uasset" 422
"C:/Users/scbis/Desktop/Programming/Games Projects/Building_Escape/Building_Escape/Content/StarterContent/Textures/T_Brick_Clay_Beveled_M.uasset" 423
"C:/Users/scbis/Desktop/Programming/Games Projects/Building_Escape/Building_Escape/Content/StarterContent/Textures/T_Brick_Clay_Beveled_N.uasset" 424
"C:/Users/scbis/Desktop/Programming/Games Projects/Building_Escape/Building_Escape/Content/StarterContent/Materials/M_Brick_Clay_Beveled.uasset" 425
"C:/Users/scbis/Desktop/Programming/Games Projects/Building_Escape/Building_Escape/Content/StarterContent/Textures/T_Brick_Clay_Old_D.uasset" 426
"C:/Users/scbis/Desktop/Programming/Games Projects/Building_Escape/Building_Escape/Content/StarterContent/Textures/T_Brick_Clay_Old_N.uasset" 427
"C:/Users/scbis/Desktop/Programming/Games Projects/Building_Escape/Building_Escape/Content/StarterContent/Textures/T_Perlin_Noise_M.uasset" 428
"C:/Users/scbis/Desktop/Programming/Games Projects/Building_Escape/Building_Escape/Content/StarterContent/Materials/M_Brick_Clay_Old.uasset" 429
"C:/Users/scbis/Desktop/Programming/Games Projects/Building_Escape/Building_Escape/Content/StarterContent/Textures/T_Brick_Cut_Stone_D.uasset" 430
"C:/Users/scbis/Desktop/Programming/Games Projects/Building_Escape/Building_Escape/Content/StarterContent/Textures/T_Brick_Cut_Stone_N.uasset" 431
"C:/Users/scbis/Desktop/Programming/Games Projects/Building_Escape/Building_Escape/Content/StarterContent/Materials/M_Brick_Cut_Stone.uasset" 432
"C:/Users/scbis/Desktop/Programming/Games Projects/Building_Escape/Building_Escape/Content/StarterContent/Textures/T_Brick_Hewn_Stone_D.uasset" 433
"C:/Users/scbis/Desktop/Programming/Games Projects/Building_Escape/Building_Escape/Content/StarterContent/Textures/T_Brick_Hewn_Stone_M.uasset" 434
"C:/Users/scbis/Desktop/Programming/Games Projects/Building_Escape/Building_Escape/Content/StarterContent/Textures/T_Brick_Hewn_Stone_N.uasset" 435
"C:/Users/scbis/Desktop/Programming/Games Projects/Building_Escape/Building_Escape/Content/StarterContent/Materials/M_Brick_Hewn_Stone.uasset" 436
"C:/Users/scbis/Desktop/Programming/Games Projects/Building_Escape/Building_Escape/Content/StarterContent/Textures/T_Ceramic_Tile_M.uasset" 437
"C:/Users/scbis/Desktop/Programming/Games Projects/Building_Escape/Building_Escape/Content/StarterContent/Textures/T_Ceramic_Tile_N.uasset" 438
"C:/Users/scbis/Desktop/Programming/Games Projects/Building_Escape/Building_Escape/Content/StarterContent/Textures/T_Rock_Marble_Polished_D.uasset" 439
"C:/Users/scbis/Desktop/Programming/Games Projects/Building_Escape/Building_Escape/Content/StarterContent/Materials/M_Ceramic_Tile_Checker.uasset" 440
"C:/Users/scbis/Desktop/Programming/Games Projects/Building_Escape/Building_Escape/Content/StarterContent/Textures/T_CobbleStone_Pebble_D.uasset" 441
"C:/Users/scbis/Desktop/Programming/Games Projects/Building_Escape/Building_Escape/Content/StarterContent/Textures/T_CobbleStone_Pebble_M.uasset" 442
"C:/Users/scbis/Desktop/Programming/Games Projects/Building_Escape/Building_Escape/Content/StarterContent/Textures/T_CobbleStone_Pebble_N.uasset" 443
"C:/Users/scbis/Desktop/Programming/Games Projects/Building_Escape/Building_Escape/Content/StarterContent/Materials/M_CobbleStone_Pebble.uasset" 444
"C:/Users/scbis/Desktop/Programming/Games Projects/Building_Escape/Building_Escape/Content/StarterContent/Textures/T_CobbleStone_Rough_D.uasset" 445
"C:/Users/scbis/Desktop/Programming/Games Projects/Building_Escape/Building_Escape/Content/StarterContent/Textures/T_CobbleStone_Rough_N.uasset" 446
"C:/Users/scbis/Desktop/Programming/Games Projects/Building_Escape/Building_Escape/Content/StarterContent/Textures/T_Gradinet_01.uasset" 447
"C:/Users/scbis/Desktop/Programming/Games Projects/Building_Escape/Building_Escape/Content/StarterContent/Textures/T_Rock_Smooth_Granite_D.uasset" 448
"C:/Users/scbis/Desktop/Programming/Games Projects/Building_Escape/Building_Escape/Content/StarterContent/Materials/M_CobbleStone_Rough.uasset" 449
"C:/Users/scbis/Desktop/Programming/Games Projects/Building_Escape/Building_Escape/Content/StarterContent/Textures/T_CobbleStone_Smooth_D.uasset" 450
"C:/Users/scbis/Desktop/Programming/Games Projects/Building_Escape/Building_Escape/Content/StarterContent/Textures/T_CobbleStone_Smooth_M.uasset" 451
"C:/Users/scbis/Desktop/Programming/Games Projects/Building_Escape/Building_Escape/Content/StarterContent/Textures/T_CobbleStone_Smooth_N.uasset" 452
"C:/Users/scbis/Desktop/Programming/Games Projects/Building_Escape/Building_Escape/Content/StarterContent/Materials/M_CobbleStone_Smooth.uasset" 453
"C:/Users/scbis/Desktop/Programming/Games Projects/Building_Escape/Building_Escape/Content/StarterContent/Textures/T_Concrete_Grime_D.uasset" 454
"C:/Users/scbis/Desktop/Programming/Games Projects/Building_Escape/Building_Escape/Content/StarterContent/Materials/M_Concrete_Grime.uasset" 455
"C:/Users/scbis/Desktop/Programming/Games Projects/Building_Escape/Building_Escape/Content/StarterContent/Textures/T_Concrete_Panels_D.uasset" 456
"C:/Users/scbis/Desktop/Programming/Games Projects/Building_Escape/Building_Escape/Content/StarterContent/Textures/T_Concrete_Panels_N.uasset" 457
"C:/Users/scbis/Desktop/Programming/Games Projects/Building_Escape/Building_Escape/Content/StarterContent/Materials/M_Concrete_Panels.uasset" 458
"C:/Users/scbis/Desktop/Programming/Games Projects/Building_Escape/Building_Escape/Content/StarterContent/Textures/T_Concrete_Poured_D.uasset" 459
"C:/Users/scbis/Desktop/Programming/Games Projects/Building_Escape/Building_Escape/Content/StarterContent/Textures/T_Concrete_Poured_N.uasset" 460
"C:/Users/scbis/Desktop/Programming/Games Projects/Building_Escape/Building_Escape/Content/StarterContent/Materials/M_Concrete_Poured.uasset" 461
"C:/Users/scbis/Desktop/Programming/Games Projects/Building_Escape/Building_Escape/Content/StarterContent/Textures/T_Concrete_Tiles_D.uasset" 462
"C:/Users/scbis/Desktop/Programming/Games Projects/Building_Escape/Building_Escape/Content/StarterContent/Textures/T_Concrete_Tiles_M.uasset" 463
"C:/Users/scbis/Desktop/Programming/Games Projects/Building_Escape/Building_Escape/Content/StarterContent/Textures/T_Concrete_Tiles_N.uasset" 464
"C:/Users/scbis/Desktop/Programming/Games Projects/Building_Escape/Building_Escape/Content/StarterContent/Textures/T_Concrete_Tiles_Variation_M.uasset" 465
"C:/Users/scbis/Desktop/Programming/Games Projects/Building_Escape/Building_Escape/Content/StarterContent/Materials/M_Concrete_Tiles.uasset" 466
"C:/Users/scbis/Desktop/Programming/Games Projects/Building_Escape/Building_Escape/Content/StarterContent/Textures/T_Ground_Grass_D.uasset" 467
"C:/Users/scbis/Desktop/Programming/Games Projects/Building_Escape/Building_Escape/Content/StarterContent/Textures/T_Ground_Grass_N.uasset" 468
"C:/Users/scbis/Desktop/Programming/Games Projects/Building_Escape/Building_Escape/Content/StarterContent/Materials/M_Ground_Grass.uasset" 469
"C:/Users/scbis/Desktop/Programming/Games Projects/Building_Escape/Building_Escape/Content/StarterContent/Textures/T_Ground_Gravel_D.uasset" 470
"C:/Users/scbis/Desktop/Programming/Games Projects/Building_Escape/Building_Escape/Content/StarterContent/Textures/T_Ground_Gravel_N.uasset" 471
"C:/Users/scbis/Desktop/Programming/Games Projects/Building_Escape/Building_Escape/Content/StarterContent/Materials/M_Ground_Gravel.uasset" 472
"C:/Users/scbis/Desktop/Programming/Games Projects/Building_Escape/Building_Escape/Content/StarterContent/Textures/T_ground_Moss_D.uasset" 473
"C:/Users/scbis/Desktop/Programming/Games Projects/Building_Escape/Building_Escape/Content/StarterContent/Textures/T_Ground_Moss_N.uasset" 474
"C:/Users/scbis/Desktop/Programming/Games Projects/Building_Escape/Building_Escape/Content/StarterContent/Materials/M_Ground_Moss.uasset" 475
"C:/Users/scbis/Desktop/Programming/Games Projects/Building_Escape/Building_Escape/Content/StarterContent/Materials/M_Metal_Chrome.uasset" 476
"C:/Users/scbis/Desktop/Programming/Games Projects/Building_Escape/Building_Escape/Content/StarterContent/Textures/T_Metal_Gold_D.uasset" 477
"C:/Users/scbis/Desktop/Programming/Games Projects/Building_Escape/Building_Escape/Content/StarterContent/Materials/M_Metal_Gold.uasset" 478
"C:/Users/scbis/Desktop/Programming/Games Projects/Building_Escape/Building_Escape/Content/StarterContent/Textures/T_Metal_Steel_D.uasset" 479
"C:/Users/scbis/Desktop/Programming/Games Projects/Building_Escape/Building_Escape/Content/StarterContent/Textures/T_Metal_Steel_N.uasset" 480
"C:/Users/scbis/Desktop/Programming/Games Projects/Building_Escape/Building_Escape/Content/StarterContent/Materials/M_Metal_Steel.uasset" 481
"C:/Users/scbis/Desktop/Programming/Games Projects/Building_Escape/Building_Escape/Content/StarterContent/Textures/T_Rock_Basalt_N.uasset" 482
"C:/Users/scbis/Desktop/Programming/Games Projects/Building_Escape/Building_Escape/Content/StarterContent/Materials/M_Rock_Basalt.uasset" 483
"C:/Users/scbis/Desktop/Programming/Games Projects/Building_Escape/Building_Escape/Content/StarterContent/Materials/M_Rock_Marble_Polished.uasset" 484
"C:/Users/scbis/Desktop/Programming/Games Projects/Building_Escape/Building_Escape/Content/StarterContent/Textures/T_Rock_Sandstone_D.uasset" 485
"C:/Users/scbis/Desktop/Programming/Games Projects/Building_Escape/Building_Escape/Content/StarterContent/Textures/T_Rock_Sandstone_N.uasset" 486
"C:/Users/scbis/Desktop/Programming/Games Projects/Building_Escape/Building_Escape/Content/StarterContent/Materials/M_Rock_Sandstone.uasset" 487
"C:/Users/scbis/Desktop/Programming/Games Projects/Building_Escape/Building_Escape/Content/StarterContent/Textures/T_Rock_Slate_D.uasset" 488
"C:/Users/scbis/Desktop/Programming/Games Projects/Building_Escape/Building_Escape/Content/StarterContent/Textures/T_Rock_Slate_N.uasset" 489
"C:/Users/scbis/Desktop/Programming/Games Projects/Building_Escape/Building_Escape/Content/StarterContent/Materials/M_Rock_Slate.uasset" 490
"C:/Users/scbis/Desktop/Programming/Games Projects/Building_Escape/Building_Escape/Content/StarterContent/Textures/T_Checker_Noise_M.uasset" 491
"C:/Users/scbis/Desktop/Programming/Games Projects/Building_Escape/Building_Escape/Content/StarterContent/Textures/T_Single_Tile_N.uasset" 492
"C:/Users/scbis/Desktop/Programming/Games Projects/Building_Escape/Building_Escape/Content/StarterContent/Textures/T_Tech_Dot_M.uasset" 493
"C:/Users/scbis/Desktop/Programming/Games Projects/Building_Escape/Building_Escape/Content/StarterContent/Textures/T_Tech_Dot_N.uasset" 494
"C:/Users/scbis/Desktop/Programming/Games Projects/Building_Escape/Building_Escape/Content/StarterContent/Materials/M_Tech_Checker_Dot.uasset" 495
"C:/Users/scbis/Desktop/Programming/Games Projects/Building_Escape/Building_Escape/Content/StarterContent/Textures/T_Tech_Hex_Tile_M.uasset" 496
"C:/Users/scbis/Desktop/Programming/Games Projects/Building_Escape/Building_Escape/Content/StarterContent/Textures/T_Tech_Hex_Tile_N.uasset" 497
"C:/Users/scbis/Desktop/Programming/Games Projects/Building_Escape/Building_Escape/Content/StarterContent/Materials/M_Tech_Hex_Tile.uasset" 498
"C:/Users/scbis/Desktop/Programming/Games Projects/Building_Escape/Building_Escape/Content/StarterContent/Materials/M_Tech_Hex_Tile_Pulse.uasset" 499
"C:/Users/scbis/Desktop/Programming/Games Projects/Building_Escape/Building_Escape/Content/StarterContent/Textures/T_Tech_Panel_M.uasset" 500
"C:/Users/scbis/Desktop/Programming/Games Projects/Building_Escape/Building_Escape/Content/StarterContent/Textures/T_Tech_Panel_N.uasset" 501
"C:/Users/scbis/Desktop/Programming/Games Projects/Building_Escape/Building_Escape/Content/StarterContent/Materials/M_Tech_Panel.uasset" 502
"C:/Users/scbis/Desktop/Programming/Games Projects/Building_Escape/Building_Escape/Content/StarterContent/Materials/M_Water_Lake.uasset" 503
"C:/Users/scbis/Desktop/Programming/Games Projects/Building_Escape/Building_Escape/Content/StarterContent/Textures/T_Water_M.uasset" 504
"C:/Users/scbis/Desktop/Programming/Games Projects/Building_Escape/Building_Escape/Content/StarterContent/Materials/M_Water_Ocean.uasset" 505
"C:/Users/scbis/Desktop/Programming/Games Projects/Building_Escape/Building_Escape/Content/StarterContent/Materials/M_Wood_Floor_Walnut_Polished.uasset" 506
"C:/Users/scbis/Desktop/Programming/Games Projects/Building_Escape/Building_Escape/Content/StarterContent/Textures/T_Wood_Oak_D.uasset" 507
"C:/Users/scbis/Desktop/Programming/Games Projects/Building_Escape/Building_Escape/Content/StarterContent/Textures/T_Wood_Oak_N.uasset" 508
"C:/Users/scbis/Desktop/Programming/Games Projects/Building_Escape/Building_Escape/Content/StarterContent/Materials/M_Wood_Oak.uasset" 509
"C:/Users/scbis/Desktop/Programming/Games Projects/Building_Escape/Building_Escape/Content/StarterContent/Textures/T_Wood_Pine_D.uasset" 510
"C:/Users/scbis/Desktop/Programming/Games Projects/Building_Escape/Building_Escape/Content/StarterContent/Textures/T_Wood_Pine_N.uasset" 511
"C:/Users/scbis/Desktop/Programming/Games Projects/Building_Escape/Building_Escape/Content/StarterContent/Materials/M_Wood_Pine.uasset" 512
"C:/Users/scbis/Desktop/Programming/Games Projects/Building_Escape/Building_Escape/Content/StarterContent/Textures/T_Wood_Walnut_D.uasset" 513
"C:/Users/scbis/Desktop/Programming/Games Projects/Building_Escape/Building_Escape/Content/StarterContent/Textures/T_Wood_Walnut_N.uasset" 514
"C:/Users/scbis/Desktop/Programming/Games Projects/Building_Escape/Building_Escape/Content/StarterContent/Materials/M_Wood_Walnut.uasset" 515
"C:/Users/scbis/Desktop/Programming/Games Projects/Building_Escape/Building_Escape/Content/StarterContent/Architecture/Wall_400x200.uasset" 516
"C:/Users/scbis/Desktop/Programming/Games Projects/Building_Escape/Building_Escape/Content/StarterContent/Architecture/Wall_Window_400x300.uasset" 517
"C:/Users/scbis/Desktop/Programming/Games Projects/Building_Escape/Building_Escape/Content/StarterContent/Audio/Collapse_Cue.uasset" 518
"C:/Users/scbis/Desktop/Programming/Games Projects/Building_Escape/Building_Escape/Content/StarterContent/Audio/Starter_Music_Cue.uasset" 519
"C:/Users/scbis/Desktop/Programming/Games Projects/Building_Escape/Building_Escape/Content/StarterContent/Textures/T_Dust_Particle_D.uasset" 520
"C:/Users/scbis/Desktop/Programming/Games Projects/Building_Escape/Building_Escape/Content/StarterContent/Particles/Materials/M_Dust_Particle.uasset" 521
"C:/Users/scbis/Desktop/Programming/Games Projects/Building_Escape/Building_Escape/Content/StarterContent/Particles/P_Ambient_Dust.uasset" 522
"C:/Users/scbis/Desktop/Programming/Games Projects/Building_Escape/Building_Escape/Content/StarterContent/Props/MaterialSphere.uasset" 523
"C:/Users/scbis/Desktop/Programming/Games Projects/Building_Escape/Building_Escape/Content/StarterContent/Props/SM_CornerFrame.uasset" 524
"C:/Users/scbis/Desktop/Programming/Games Projects/Building_Escape/Building_Escape/Content/StarterContent/Props/SM_GlassWindow.uasset" 525
"C:/Users/scbis/Desktop/Programming/Games Projects/Building_Escape/Building_Escape/Content/StarterContent/Props/SM_PillarFrame.uasset" 526
"C:/Users/scbis/Desktop/Programming/Games Projects/Building_Escape/Building_Escape/Content/StarterContent/Props/SM_PillarFrame300.uasset" 527
"C:/Users/scbis/Desktop/Programming/Games Projects/Building_Escape/Building_Escape/Content/StarterContent/Props/SM_WindowFrame.uasset" 528
"C:/Users/scbis/Desktop/Programming/Games Projects/Building_Escape/Building_Escape/Content/StarterContent/Shapes/Shape_Cube.uasset" 529
"C:/Users/scbis/Desktop/Programming/Games Projects/Building_Escape/Building_Escape/Content/StarterContent/Shapes/Shape_QuadPyramid.uasset" 530
"C:/Users/scbis/Desktop/Programming/Games Projects/Building_Escape/Building_Escape/Content/StarterContent/Shapes/Shape_Sphere.uasset" 531
"C:/Users/scbis/Desktop/Programming/Games Projects/Building_Escape/Building_Escape/Content/StarterContent/Maps/StarterMap.umap" 532
"../../../Engine/Content/Maps/Entry.umap" 533
